<?xml version="1.0" encoding="UTF-8"?>
<!-- Generated by org.testng.reporters.JUnitXMLReporter -->
<testsuite ignored="0" hostname="Chitra" failures="0" tests="3" name="Default test" time="8.843" errors="0" timestamp="2024-11-01T20:27:47 IST">
  <testcase classname="tests.rest.TC_BookingOperations" name="createBooking" time="1.414"/>
  <testcase classname="tests.rest.TC_BookingOperations" name="getallBookingId" time="1.784"/>
  <testcase classname="tests.rest.TC_BookingOperations" name="updateBooking" time="1.366"/>
</testsuite> <!-- Default test -->
